<?xml version="1.0" encoding="UTF-8"?>
<testng-results ignored="0" total="1" passed="1" failed="0" skipped="0">
  <reporter-output>
  </reporter-output>
  <suite started-at="2018-10-28T20:03:03Z" name="Default suite" finished-at="2018-10-28T20:03:29Z" duration-ms="25908">
    <groups>
    </groups>
    <test started-at="2018-10-28T20:03:03Z" name="Default test" finished-at="2018-10-28T20:03:29Z" duration-ms="25908">
      <class name="TestPage.HomepageTest">
        <test-method is-config="true" signature="setUp()[pri:0, instance:TestPage.HomepageTest@6bf0219d]" started-at="2018-10-28T16:03:03Z" name="setUp" finished-at="2018-10-28T16:03:15Z" duration-ms="11764" status="PASS">
          <reporter-output>
          </reporter-output>
        </test-method> <!-- setUp -->
        <test-method signature="FilloutBox()[pri:0, instance:TestPage.HomepageTest@6bf0219d]" started-at="2018-10-28T16:03:15Z" name="FilloutBox" finished-at="2018-10-28T16:03:18Z" duration-ms="3472" status="PASS">
          <reporter-output>
          </reporter-output>
        </test-method> <!-- FilloutBox -->
        <test-method is-config="true" signature="close()[pri:0, instance:TestPage.HomepageTest@6bf0219d]" started-at="2018-10-28T16:03:18Z" name="close" finished-at="2018-10-28T16:03:29Z" duration-ms="10653" status="PASS">
          <reporter-output>
          </reporter-output>
        </test-method> <!-- close -->
      </class> <!-- TestPage.HomepageTest -->
    </test> <!-- Default test -->
  </suite> <!-- Default suite -->
</testng-results>
